<?xml version="1.0" encoding="UTF-8"?>
<testng-results ignored="0" total="1" passed="1" failed="0" skipped="0">
  <reporter-output>
  </reporter-output>
  <suite started-at="2023-09-27T19:17:58 IST" name="Default suite" finished-at="2023-09-27T19:18:19 IST" duration-ms="21044">
    <groups>
    </groups>
    <test started-at="2023-09-27T19:17:58 IST" name="Default test" finished-at="2023-09-27T19:18:19 IST" duration-ms="21044">
      <class name="loginTest.PIMTest">
        <test-method is-config="true" signature="setUp()[pri:0, instance:loginTest.PIMTest@242aa8d9]" started-at="2023-09-27T19:17:39 IST" name="setUp" finished-at="2023-09-27T19:17:58 IST" duration-ms="18802" status="PASS">
          <reporter-output>
          </reporter-output>
        </test-method> <!-- setUp -->
        <test-method is-config="true" signature="loginTest2()[pri:0, instance:loginTest.PIMTest@242aa8d9]" started-at="2023-09-27T19:17:58 IST" name="loginTest2" finished-at="2023-09-27T19:17:58 IST" duration-ms="0" status="PASS">
          <reporter-output>
          </reporter-output>
        </test-method> <!-- loginTest2 -->
        <test-method is-config="true" signature="loginTest()[pri:0, instance:loginTest.PIMTest@242aa8d9]" started-at="2023-09-27T19:17:58 IST" name="loginTest" finished-at="2023-09-27T19:17:58 IST" duration-ms="1" status="PASS">
          <reporter-output>
          </reporter-output>
        </test-method> <!-- loginTest -->
        <test-method signature="Add_Emp_01()[pri:0, instance:loginTest.PIMTest@242aa8d9]" started-at="2023-09-27T19:17:58 IST" name="Add_Emp_01" finished-at="2023-09-27T19:18:19 IST" duration-ms="20978" status="PASS">
          <reporter-output>
          </reporter-output>
        </test-method> <!-- Add_Emp_01 -->
        <test-method is-config="true" signature="takeScreenshot(org.testng.ITestResult)[pri:0, instance:loginTest.PIMTest@242aa8d9]" started-at="2023-09-27T19:18:19 IST" name="takeScreenshot" finished-at="2023-09-27T19:18:19 IST" duration-ms="4" status="PASS">
          <params>
            <param index="0">
              <value>
                <![CDATA[[TestResult name=Add_Emp_01 status=SUCCESS method=PIMTest.Add_Emp_01()[pri:0, instance:loginTest.PIMTest@242aa8d9] output={null}]]]>
              </value>
            </param>
          </params>
          <reporter-output>
          </reporter-output>
        </test-method> <!-- takeScreenshot -->
        <test-method is-config="true" signature="tearDown()[pri:0, instance:loginTest.PIMTest@242aa8d9]" started-at="2023-09-27T19:18:19 IST" name="tearDown" finished-at="2023-09-27T19:18:21 IST" duration-ms="1572" status="PASS">
          <reporter-output>
          </reporter-output>
        </test-method> <!-- tearDown -->
      </class> <!-- loginTest.PIMTest -->
    </test> <!-- Default test -->
  </suite> <!-- Default suite -->
</testng-results>
