<?xml version="1.0" encoding="UTF-8"?>
<testng-results ignored="0" total="1" passed="1" failed="0" skipped="0">
  <reporter-output>
  </reporter-output>
  <suite started-at="2023-09-22T22:31:03 AEST" name="Default suite" finished-at="2023-09-22T22:31:04 AEST" duration-ms="1548">
    <groups>
    </groups>
    <test started-at="2023-09-22T22:31:03 AEST" name="Default test" finished-at="2023-09-22T22:31:04 AEST" duration-ms="1548">
      <class name="loginTest.LoginTest">
        <test-method is-config="true" signature="setUp()[pri:0, instance:loginTest.LoginTest@54bff557]" started-at="2023-09-22T22:30:41 AEST" name="setUp" finished-at="2023-09-22T22:31:03 AEST" duration-ms="21416" status="PASS">
          <reporter-output>
          </reporter-output>
        </test-method> <!-- setUp -->
        <test-method signature="validLoginTest()[pri:0, instance:loginTest.LoginTest@54bff557]" started-at="2023-09-22T22:31:03 AEST" name="validLoginTest" finished-at="2023-09-22T22:31:04 AEST" duration-ms="1494" status="PASS">
          <reporter-output>
          </reporter-output>
        </test-method> <!-- validLoginTest -->
        <test-method is-config="true" signature="takeScreenshot(org.testng.ITestResult)[pri:0, instance:loginTest.LoginTest@54bff557]" started-at="2023-09-22T22:31:04 AEST" name="takeScreenshot" finished-at="2023-09-22T22:31:04 AEST" duration-ms="3" status="PASS">
          <params>
            <param index="0">
              <value>
                <![CDATA[[TestResult name=validLoginTest status=SUCCESS method=LoginTest.validLoginTest()[pri:0, instance:loginTest.LoginTest@54bff557] output={null}]]]>
              </value>
            </param>
          </params>
          <reporter-output>
          </reporter-output>
        </test-method> <!-- takeScreenshot -->
        <test-method is-config="true" signature="tearDown()[pri:0, instance:loginTest.LoginTest@54bff557]" started-at="2023-09-22T22:31:04 AEST" name="tearDown" finished-at="2023-09-22T22:31:04 AEST" duration-ms="0" status="PASS">
          <reporter-output>
          </reporter-output>
        </test-method> <!-- tearDown -->
      </class> <!-- loginTest.LoginTest -->
    </test> <!-- Default test -->
  </suite> <!-- Default suite -->
</testng-results>
