<?xml version="1.0" encoding="UTF-8"?>
<!-- Generated by org.testng.reporters.JUnitXMLReporter -->
<testsuite ignored="5" hostname="INPUNCLCMGT253" failures="0" tests="1" name="Default test" time="5.504" errors="0" timestamp="2023-09-28T16:46:29 IST">
  <testcase classname="timesheetTest.TimesheetTest" name="testEmployeeToCreateTimesheet" time="5.448"/>
  <testcase classname="timesheetTest.TimesheetTest" name="testviewMyRecords" time="0.0">
    <ignored/>
  </testcase> <!-- testviewMyRecords -->
  <testcase classname="timesheetTest.TimesheetTest" name="testViewProjectReport" time="0.0">
    <ignored/>
  </testcase> <!-- testViewProjectReport -->
  <testcase classname="timesheetTest.TimesheetTest" name="testPunchIn" time="0.0">
    <ignored/>
  </testcase> <!-- testPunchIn -->
  <testcase classname="timesheetTest.TimesheetTest" name="createtimesheet_by_admin" time="0.0">
    <ignored/>
  </testcase> <!-- createtimesheet_by_admin -->
  <testcase classname="timesheetTest.TimesheetTest" name="testPunchOut" time="0.0">
    <ignored/>
  </testcase> <!-- testPunchOut -->
</testsuite> <!-- Default test -->
